<?xml version="1.0" encoding="UTF-8"?>
<testng-results ignored="0" total="1" passed="1" failed="0" skipped="0">
  <reporter-output>
  </reporter-output>
  <suite started-at="2020-05-30T04:42:46 EEST" name="UdemyWeb" finished-at="2020-05-30T04:42:57 EEST" duration-ms="11419">
    <groups>
    </groups>
    <test started-at="2020-05-30T04:42:46 EEST" name="Login tests" finished-at="2020-05-30T04:42:57 EEST" duration-ms="11419">
      <class name="com.udemy.test.LoginTest">
        <test-method is-config="true" signature="openBrowser()[pri:0, instance:com.udemy.test.LoginTest@7c469c48]" started-at="2020-05-30T04:42:46 EEST" name="openBrowser" description="Open Brower" finished-at="2020-05-30T04:42:52 EEST" duration-ms="5886" status="PASS">
          <reporter-output>
          </reporter-output>
        </test-method> <!-- openBrowser -->
        <test-method signature="loginWithValidCredentials()[pri:0, instance:com.udemy.test.LoginTest@7c469c48]" started-at="2020-05-30T04:42:52 EEST" name="loginWithValidCredentials" description="Login with valid credential" finished-at="2020-05-30T04:42:57 EEST" duration-ms="5307" status="PASS">
          <reporter-output>
          </reporter-output>
        </test-method> <!-- loginWithValidCredentials -->
        <test-method is-config="true" signature="closeBrowser()[pri:0, instance:com.udemy.test.LoginTest@7c469c48]" started-at="2020-05-30T04:42:57 EEST" name="closeBrowser" description="Close browser" finished-at="2020-05-30T04:42:57 EEST" duration-ms="176" status="PASS">
          <reporter-output>
          </reporter-output>
        </test-method> <!-- closeBrowser -->
      </class> <!-- com.udemy.test.LoginTest -->
    </test> <!-- Login tests -->
  </suite> <!-- UdemyWeb -->
</testng-results>
